<?xml version="1.0" encoding="UTF-8"?>
<!-- Generated by org.testng.reporters.JUnitXMLReporter -->
<testsuite hostname="OC-PC" ignored="0" name="Command line test" tests="6" failures="0" timestamp="2020-03-08T18:25:15 IST" time="0.088" errors="0">
  <testcase name="instagram" time="0.009" classname="qaclickackademy.AppiumTest"/>
  <testcase name="twitter" time="0.0" classname="qaclickackademy.AppiumTest"/>
  <testcase name="facebook" time="0.001" classname="qaclickackademy.RestAPITest"/>
  <testcase name="google" time="0.001" classname="qaclickackademy.RestAPITest"/>
  <testcase name="login" time="0.0" classname="qaclickackademy.SeleniumTest"/>
  <testcase name="logout" time="0.0" classname="qaclickackademy.SeleniumTest"/>
</testsuite> <!-- Command line test -->
