<?xml version="1.0" encoding="UTF-8"?>
<!-- Generated by org.testng.reporters.JUnitXMLReporter -->
<testsuite hostname="OC-PC" ignored="0" name="Test" tests="6" failures="0" timestamp="2020-03-08T18:27:20 IST" time="0.074" errors="0">
  <testcase name="instagram" time="0.007" classname="qaclickackademy.AppiumTest"/>
  <testcase name="twitter" time="0.0" classname="qaclickackademy.AppiumTest"/>
  <testcase name="login" time="0.0" classname="qaclickackademy.SeleniumTest"/>
  <testcase name="logout" time="0.001" classname="qaclickackademy.SeleniumTest"/>
  <testcase name="facebook" time="0.001" classname="qaclickackademy.RestAPITest"/>
  <testcase name="google" time="0.0" classname="qaclickackademy.RestAPITest"/>
</testsuite> <!-- Test -->
