<?xml version="1.0" encoding="UTF-8"?>
<testng-results skipped="0" failed="0" ignored="0" total="6" passed="6">
  <reporter-output>
  </reporter-output>
  <suite name="Suite" duration-ms="74" started-at="2020-03-08T18:27:20 IST" finished-at="2020-03-08T18:27:20 IST">
    <groups>
    </groups>
    <test name="Test" duration-ms="74" started-at="2020-03-08T18:27:20 IST" finished-at="2020-03-08T18:27:20 IST">
      <class name="qaclickackademy.SeleniumTest">
        <test-method status="PASS" signature="login()[pri:0, instance:qaclickackademy.SeleniumTest@2a67b4]" name="login" duration-ms="0" started-at="2020-03-08T18:27:20 IST" finished-at="2020-03-08T18:27:20 IST">
          <reporter-output>
          </reporter-output>
        </test-method> <!-- login -->
        <test-method status="PASS" signature="logout()[pri:0, instance:qaclickackademy.SeleniumTest@2a67b4]" name="logout" duration-ms="1" started-at="2020-03-08T18:27:20 IST" finished-at="2020-03-08T18:27:20 IST">
          <reporter-output>
          </reporter-output>
        </test-method> <!-- logout -->
      </class> <!-- qaclickackademy.SeleniumTest -->
      <class name="qaclickackademy.AppiumTest">
        <test-method status="PASS" signature="instagram()[pri:0, instance:qaclickackademy.AppiumTest@1be0360]" name="instagram" duration-ms="7" started-at="2020-03-08T18:27:20 IST" finished-at="2020-03-08T18:27:20 IST">
          <reporter-output>
          </reporter-output>
        </test-method> <!-- instagram -->
        <test-method status="PASS" signature="twitter()[pri:0, instance:qaclickackademy.AppiumTest@1be0360]" name="twitter" duration-ms="0" started-at="2020-03-08T18:27:20 IST" finished-at="2020-03-08T18:27:20 IST">
          <reporter-output>
          </reporter-output>
        </test-method> <!-- twitter -->
      </class> <!-- qaclickackademy.AppiumTest -->
      <class name="qaclickackademy.RestAPITest">
        <test-method status="PASS" signature="facebook()[pri:0, instance:qaclickackademy.RestAPITest@1855c9a]" name="facebook" duration-ms="1" started-at="2020-03-08T18:27:20 IST" finished-at="2020-03-08T18:27:20 IST">
          <reporter-output>
          </reporter-output>
        </test-method> <!-- facebook -->
        <test-method status="PASS" signature="google()[pri:0, instance:qaclickackademy.RestAPITest@1855c9a]" name="google" duration-ms="0" started-at="2020-03-08T18:27:20 IST" finished-at="2020-03-08T18:27:20 IST">
          <reporter-output>
          </reporter-output>
        </test-method> <!-- google -->
      </class> <!-- qaclickackademy.RestAPITest -->
    </test> <!-- Test -->
  </suite> <!-- Suite -->
</testng-results>
